<?xml version="1.0" encoding="UTF-8"?>
<!-- Generated by org.testng.reporters.JUnitReportReporter -->
<testsuite hostname="GayatriQA-Windows" failures="0" tests="1" name="com.weguard.WeGuardUI.TestNGBase" time="83.579" errors="0" timestamp="2024-01-30T22:41:27 IST" skipped="0">
  <testcase classname="com.weguard.WeGuardUI.TestNGBase" name="policyGroups" time="83.579"/>
  <system-out/>
</testsuite> <!-- com.weguard.WeGuardUI.TestNGBase -->
